Performing C SOURCE FILE Test CMAKE_HAVE_LIBC_PTHREAD failed with the following output:
Change Dir: /home/admin-local/Desktop/hello_world/cmake-build-debug/CMakeFiles/CMakeTmp

Run Build Command(s):/usr/bin/make -f Makefile cmTC_315c0/fast && /usr/bin/make  -f CMakeFiles/cmTC_315c0.dir/build.make CMakeFiles/cmTC_315c0.dir/build
make[1]: Entering directory '/home/admin-local/Desktop/hello_world/cmake-build-debug/CMakeFiles/CMakeTmp'
Building C object CMakeFiles/cmTC_315c0.dir/src.c.o
/usr/bin/cc -DCMAKE_HAVE_LIBC_PTHREAD   -o CMakeFiles/cmTC_315c0.dir/src.c.o -c /home/admin-local/Desktop/hello_world/cmake-build-debug/CMakeFiles/CMakeTmp/src.c
Linking C executable cmTC_315c0
/snap/clion/169/bin/cmake/linux/bin/cmake -E cmake_link_script CMakeFiles/cmTC_315c0.dir/link.txt --verbose=1
/usr/bin/cc CMakeFiles/cmTC_315c0.dir/src.c.o -o cmTC_315c0 
CMakeFiles/cmTC_315c0.dir/src.c.o: In function `main':
src.c:(.text+0x3c): undefined reference to `pthread_create'
src.c:(.text+0x48): undefined reference to `pthread_detach'
src.c:(.text+0x54): undefined reference to `pthread_cancel'
src.c:(.text+0x65): undefined reference to `pthread_join'
src.c:(.text+0x79): undefined reference to `pthread_atfork'
collect2: error: ld returned 1 exit status
CMakeFiles/cmTC_315c0.dir/build.make:98: recipe for target 'cmTC_315c0' failed
make[1]: *** [cmTC_315c0] Error 1
make[1]: Leaving directory '/home/admin-local/Desktop/hello_world/cmake-build-debug/CMakeFiles/CMakeTmp'
Makefile:127: recipe for target 'cmTC_315c0/fast' failed
make: *** [cmTC_315c0/fast] Error 2


Source file was:
#include <pthread.h>

static void* test_func(void* data)
{
  return data;
}

int main(void)
{
  pthread_t thread;
  pthread_create(&thread, NULL, test_func, NULL);
  pthread_detach(thread);
  pthread_cancel(thread);
  pthread_join(thread, NULL);
  pthread_atfork(NULL, NULL, NULL);
  pthread_exit(NULL);

  return 0;
}

Determining if the function pthread_create exists in the pthreads failed with the following output:
Change Dir: /home/admin-local/Desktop/hello_world/cmake-build-debug/CMakeFiles/CMakeTmp

Run Build Command(s):/usr/bin/make -f Makefile cmTC_1a226/fast && /usr/bin/make  -f CMakeFiles/cmTC_1a226.dir/build.make CMakeFiles/cmTC_1a226.dir/build
make[1]: Entering directory '/home/admin-local/Desktop/hello_world/cmake-build-debug/CMakeFiles/CMakeTmp'
Building C object CMakeFiles/cmTC_1a226.dir/CheckFunctionExists.c.o
/usr/bin/cc   -DCHECK_FUNCTION_EXISTS=pthread_create -o CMakeFiles/cmTC_1a226.dir/CheckFunctionExists.c.o -c /snap/clion/169/bin/cmake/linux/share/cmake-3.20/Modules/CheckFunctionExists.c
Linking C executable cmTC_1a226
/snap/clion/169/bin/cmake/linux/bin/cmake -E cmake_link_script CMakeFiles/cmTC_1a226.dir/link.txt --verbose=1
/usr/bin/cc  -DCHECK_FUNCTION_EXISTS=pthread_create CMakeFiles/cmTC_1a226.dir/CheckFunctionExists.c.o -o cmTC_1a226  -lpthreads 
/usr/bin/ld: cannot find -lpthreads
collect2: error: ld returned 1 exit status
CMakeFiles/cmTC_1a226.dir/build.make:98: recipe for target 'cmTC_1a226' failed
make[1]: *** [cmTC_1a226] Error 1
make[1]: Leaving directory '/home/admin-local/Desktop/hello_world/cmake-build-debug/CMakeFiles/CMakeTmp'
Makefile:127: recipe for target 'cmTC_1a226/fast' failed
make: *** [cmTC_1a226/fast] Error 2



